# JRE version: 7.0_09-b05
# Java VM: Java HotSpot(TM) Client VM (23.5-b02 mixed mode, sharing windows-x86 )
Heap
 def new generation   total 78656K, used 4947K [0x22b30000, 0x28080000, 0x28080000)
  eden space 69952K,   7% used [0x22b30000, 0x23004f00, 0x26f80000)
  from space 8704K,   0% used [0x26f80000, 0x26f80000, 0x27800000)
  to   space 8704K,   0% used [0x27800000, 0x27800000, 0x28080000)
 tenured generation   total 174784K, used 163235K [0x28080000, 0x32b30000, 0x32b30000)
   the space 174784K,  93% used [0x28080000, 0x31fe8da0, 0x31fe8e00, 0x32b30000)
 compacting perm gen  total 12288K, used 8125K [0x32b30000, 0x33730000, 0x36b30000)
   the space 12288K,  66% used [0x32b30000, 0x3331f7f8, 0x3331f800, 0x33730000)
    ro space 10240K,  42% used [0x36b30000, 0x36f70348, 0x36f70400, 0x37530000)
    rw space 12288K,  54% used [0x37530000, 0x37bb06f0, 0x37bb0800, 0x38130000)
GC Heap History (10 events):
Event: 73.577 GC heap before
{Heap before GC invocations=15 (full 7):
 def new generation   total 68736K, used 61120K [0x22b30000, 0x275c0000, 0x28080000)
  eden space 61120K, 100% used [0x22b30000, 0x266e0000, 0x266e0000)
  from space 7616K,   0% used [0x266e0000, 0x266e0000, 0x26e50000)
  to   space 7616K,   0% used [0x26e50000, 0x26e50000, 0x275c0000)
 tenured generation   total 152640K, used 91583K [0x28080000, 0x31590000, 0x32b30000)
   the space 152640K,  59% used [0x28080000, 0x2d9efe10, 0x2d9f0000, 0x31590000)
 compacting perm gen  total 12288K, used 7423K [0x32b30000, 0x33730000, 0x36b30000)
   the space 12288K,  60% used [0x32b30000, 0x3326ffc8, 0x33270000, 0x33730000)
    ro space 10240K,  42% used [0x36b30000, 0x36f70348, 0x36f70400, 0x37530000)
    rw space 12288K,  54% used [0x37530000, 0x37bb06f0, 0x37bb0800, 0x38130000)
Event: 73.697 GC heap after
Heap after GC invocations=16 (full 7):
 def new generation   total 68736K, used 7615K [0x22b30000, 0x275c0000, 0x28080000)
  eden space 61120K,   0% used [0x22b30000, 0x22b30000, 0x266e0000)
  from space 7616K,  99% used [0x26e50000, 0x275bfff8, 0x275c0000)
  to   space 7616K,   0% used [0x266e0000, 0x266e0000, 0x26e50000)
 tenured generation   total 152640K, used 114961K [0x28080000, 0x31590000, 0x32b30000)
   the space 152640K,  75% used [0x28080000, 0x2f0c4690, 0x2f0c4800, 0x31590000)
 compacting perm gen  total 12288K, used 7423K [0x32b30000, 0x33730000, 0x36b30000)
   the space 12288K,  60% used [0x32b30000, 0x3326ffc8, 0x33270000, 0x33730000)
    ro space 10240K,  42% used [0x36b30000, 0x36f70348, 0x36f70400, 0x37530000)
    rw space 12288K,  54% used [0x37530000, 0x37bb06f0, 0x37bb0800, 0x38130000)
}
Event: 76.420 GC heap before
{Heap before GC invocations=16 (full 7):
 def new generation   total 68736K, used 61326K [0x22b30000, 0x275c0000, 0x28080000)
  eden space 61120K,  87% used [0x22b30000, 0x25fa3b18, 0x266e0000)
  from space 7616K,  99% used [0x26e50000, 0x275bfff8, 0x275c0000)
  to   space 7616K,   0% used [0x266e0000, 0x266e0000, 0x26e50000)
 tenured generation   total 152640K, used 114961K [0x28080000, 0x31590000, 0x32b30000)
   the space 152640K,  75% used [0x28080000, 0x2f0c4690, 0x2f0c4800, 0x31590000)
 compacting perm gen  total 12288K, used 7915K [0x32b30000, 0x33730000, 0x36b30000)
   the space 12288K,  64% used [0x32b30000, 0x332eaec8, 0x332eb000, 0x33730000)
    ro space 10240K,  42% used [0x36b30000, 0x36f70348, 0x36f70400, 0x37530000)
    rw space 12288K,  54% used [0x37530000, 0x37bb06f0, 0x37bb0800, 0x38130000)
Event: 76.858 GC heap after
Heap after GC invocations=17 (full 8):
 def new generation   total 78656K, used 78K [0x22b30000, 0x28080000, 0x28080000)
  eden space 69952K,   0% used [0x22b30000, 0x22b43bd0, 0x26f80000)
  from space 8704K,   0% used [0x26f80000, 0x26f80000, 0x27800000)
  to   space 8704K,   0% used [0x27800000, 0x27800000, 0x28080000)
 tenured generation   total 174784K, used 152636K [0x28080000, 0x32b30000, 0x32b30000)
   the space 174784K,  87% used [0x28080000, 0x3158f0b0, 0x3158f200, 0x32b30000)
 compacting perm gen  total 12288K, used 7915K [0x32b30000, 0x33730000, 0x36b30000)
   the space 12288K,  64% used [0x32b30000, 0x332eacb8, 0x332eae00, 0x33730000)
    ro space 10240K,  42% used [0x36b30000, 0x36f70348, 0x36f70400, 0x37530000)
    rw space 12288K,  54% used [0x37530000, 0x37bb06f0, 0x37bb0800, 0x38130000)
}
Event: 132.680 GC heap before
{Heap before GC invocations=17 (full 8):
 def new generation   total 78656K, used 69952K [0x22b30000, 0x28080000, 0x28080000)
  eden space 69952K, 100% used [0x22b30000, 0x26f80000, 0x26f80000)
  from space 8704K,   0% used [0x26f80000, 0x26f80000, 0x27800000)
  to   space 8704K,   0% used [0x27800000, 0x27800000, 0x28080000)
 tenured generation   total 174784K, used 152636K [0x28080000, 0x32b30000, 0x32b30000)
   the space 174784K,  87% used [0x28080000, 0x3158f0b0, 0x3158f200, 0x32b30000)
 compacting perm gen  total 12288K, used 8053K [0x32b30000, 0x33730000, 0x36b30000)
   the space 12288K,  65% used [0x32b30000, 0x3330d5d8, 0x3330d600, 0x33730000)
    ro space 10240K,  42% used [0x36b30000, 0x36f70348, 0x36f70400, 0x37530000)
    rw space 12288K,  54% used [0x37530000, 0x37bb06f0, 0x37bb0800, 0x38130000)
Event: 132.994 GC heap after
Heap after GC invocations=18 (full 9):
 def new generation   total 78656K, used 0K [0x22b30000, 0x28080000, 0x28080000)
  eden space 69952K,   0% used [0x22b30000, 0x22b30000, 0x26f80000)
  from space 8704K,   0% used [0x26f80000, 0x26f80000, 0x27800000)
  to   space 8704K,   0% used [0x27800000, 0x27800000, 0x28080000)
 tenured generation   total 174784K, used 164784K [0x28080000, 0x32b30000, 0x32b30000)
   the space 174784K,  94% used [0x28080000, 0x3216c068, 0x3216c200, 0x32b30000)
 compacting perm gen  total 12288K, used 8053K [0x32b30000, 0x33730000, 0x36b30000)
   the space 12288K,  65% used [0x32b30000, 0x3330d5d8, 0x3330d600, 0x33730000)
    ro space 10240K,  42% used [0x36b30000, 0x36f70348, 0x36f70400, 0x37530000)
    rw space 12288K,  54% used [0x37530000, 0x37bb06f0, 0x37bb0800, 0x38130000)
}
Event: 160.101 GC heap before
{Heap before GC invocations=18 (full 9):
 def new generation   total 78656K, used 69952K [0x22b30000, 0x28080000, 0x28080000)
  eden space 69952K, 100% used [0x22b30000, 0x26f80000, 0x26f80000)
  from space 8704K,   0% used [0x26f80000, 0x26f80000, 0x27800000)
  to   space 8704K,   0% used [0x27800000, 0x27800000, 0x28080000)
 tenured generation   total 174784K, used 164784K [0x28080000, 0x32b30000, 0x32b30000)
   the space 174784K,  94% used [0x28080000, 0x3216c068, 0x3216c200, 0x32b30000)
 compacting perm gen  total 12288K, used 8118K [0x32b30000, 0x33730000, 0x36b30000)
   the space 12288K,  66% used [0x32b30000, 0x3331dac8, 0x3331dc00, 0x33730000)
    ro space 10240K,  42% used [0x36b30000, 0x36f70348, 0x36f70400, 0x37530000)
    rw space 12288K,  54% used [0x37530000, 0x37bb06f0, 0x37bb0800, 0x38130000)
Event: 160.324 GC heap after
Heap after GC invocations=19 (full 10):
 def new generation   total 78656K, used 0K [0x22b30000, 0x28080000, 0x28080000)
  eden space 69952K,   0% used [0x22b30000, 0x22b30000, 0x26f80000)
  from space 8704K,   0% used [0x26f80000, 0x26f80000, 0x27800000)
  to   space 8704K,   0% used [0x27800000, 0x27800000, 0x28080000)
 tenured generation   total 174784K, used 165026K [0x28080000, 0x32b30000, 0x32b30000)
   the space 174784K,  94% used [0x28080000, 0x321a8bc8, 0x321a8c00, 0x32b30000)
 compacting perm gen  total 12288K, used 8118K [0x32b30000, 0x33730000, 0x36b30000)
   the space 12288K,  66% used [0x32b30000, 0x3331dac8, 0x3331dc00, 0x33730000)
    ro space 10240K,  42% used [0x36b30000, 0x36f70348, 0x36f70400, 0x37530000)
    rw space 12288K,  54% used [0x37530000, 0x37bb06f0, 0x37bb0800, 0x38130000)
}
Event: 160.836 GC heap before
{Heap before GC invocations=19 (full 10):
 def new generation   total 78656K, used 4462K [0x22b30000, 0x28080000, 0x28080000)
  eden space 69952K,   6% used [0x22b30000, 0x22f8ba20, 0x26f80000)
  from space 8704K,   0% used [0x26f80000, 0x26f80000, 0x27800000)
  to   space 8704K,   0% used [0x27800000, 0x27800000, 0x28080000)
 tenured generation   total 174784K, used 165026K [0x28080000, 0x32b30000, 0x32b30000)
   the space 174784K,  94% used [0x28080000, 0x321a8bc8, 0x321a8c00, 0x32b30000)
 compacting perm gen  total 12288K, used 8125K [0x32b30000, 0x33730000, 0x36b30000)
   the space 12288K,  66% used [0x32b30000, 0x3331f5b8, 0x3331f600, 0x33730000)
    ro space 10240K,  42% used [0x36b30000, 0x36f70348, 0x36f70400, 0x37530000)
    rw space 12288K,  54% used [0x37530000, 0x37bb06f0, 0x37bb0800, 0x38130000)
Event: 161.104 GC heap after
Heap after GC invocations=20 (full 11):
 def new generation   total 78656K, used 0K [0x22b30000, 0x28080000, 0x28080000)
  eden space 69952K,   0% used [0x22b30000, 0x22b30000, 0x26f80000)
  from space 8704K,   0% used [0x26f80000, 0x26f80000, 0x27800000)
  to   space 8704K,   0% used [0x27800000, 0x27800000, 0x28080000)
 tenured generation   total 174784K, used 163235K [0x28080000, 0x32b30000, 0x32b30000)
   the space 174784K,  93% used [0x28080000, 0x31fe8da0, 0x31fe8e00, 0x32b30000)
 compacting perm gen  total 12288K, used 8125K [0x32b30000, 0x33730000, 0x36b30000)
   the space 12288K,  66% used [0x32b30000, 0x3331f5b8, 0x3331f600, 0x33730000)
    ro space 10240K,  42% used [0x36b30000, 0x36f70348, 0x36f70400, 0x37530000)
    rw space 12288K,  54% used [0x37530000, 0x37bb06f0, 0x37bb0800, 0x38130000)
}

