# JRE version: 7.0_09-b05
# Java VM: Java HotSpot(TM) Client VM (23.5-b02 mixed mode, sharing windows-x86 )
Heap
 def new generation   total 78656K, used 4132K [0x22b30000, 0x28080000, 0x28080000)
  eden space 69952K,   5% used [0x22b30000, 0x22f39288, 0x26f80000)
  from space 8704K,   0% used [0x26f80000, 0x26f80000, 0x27800000)
  to   space 8704K,   0% used [0x27800000, 0x27800000, 0x28080000)
 tenured generation   total 174784K, used 157998K [0x28080000, 0x32b30000, 0x32b30000)
   the space 174784K,  90% used [0x28080000, 0x31acb8d0, 0x31acba00, 0x32b30000)
 compacting perm gen  total 12288K, used 8428K [0x32b30000, 0x33730000, 0x36b30000)
   the space 12288K,  68% used [0x32b30000, 0x3336b128, 0x3336b200, 0x33730000)
    ro space 10240K,  42% used [0x36b30000, 0x36f70348, 0x36f70400, 0x37530000)
    rw space 12288K,  54% used [0x37530000, 0x37bb06f0, 0x37bb0800, 0x38130000)
GC Heap History (10 events):
Event: 153.275 GC heap before
{Heap before GC invocations=22 (full 12):
 def new generation   total 78656K, used 69952K [0x22b30000, 0x28080000, 0x28080000)
  eden space 69952K, 100% used [0x22b30000, 0x26f80000, 0x26f80000)
  from space 8704K,   0% used [0x26f80000, 0x26f80000, 0x27800000)
  to   space 8704K,   0% used [0x27800000, 0x27800000, 0x28080000)
 tenured generation   total 174784K, used 160340K [0x28080000, 0x32b30000, 0x32b30000)
   the space 174784K,  91% used [0x28080000, 0x31d153e8, 0x31d15400, 0x32b30000)
 compacting perm gen  total 12288K, used 8416K [0x32b30000, 0x33730000, 0x36b30000)
   the space 12288K,  68% used [0x32b30000, 0x33368318, 0x33368400, 0x33730000)
    ro space 10240K,  42% used [0x36b30000, 0x36f70348, 0x36f70400, 0x37530000)
    rw space 12288K,  54% used [0x37530000, 0x37bb06f0, 0x37bb0800, 0x38130000)
Event: 153.565 GC heap after
Heap after GC invocations=23 (full 13):
 def new generation   total 78656K, used 0K [0x22b30000, 0x28080000, 0x28080000)
  eden space 69952K,   0% used [0x22b30000, 0x22b30000, 0x26f80000)
  from space 8704K,   0% used [0x26f80000, 0x26f80000, 0x27800000)
  to   space 8704K,   0% used [0x27800000, 0x27800000, 0x28080000)
 tenured generation   total 174784K, used 160978K [0x28080000, 0x32b30000, 0x32b30000)
   the space 174784K,  92% used [0x28080000, 0x31db4ae0, 0x31db4c00, 0x32b30000)
 compacting perm gen  total 12288K, used 8416K [0x32b30000, 0x33730000, 0x36b30000)
   the space 12288K,  68% used [0x32b30000, 0x33368318, 0x33368400, 0x33730000)
    ro space 10240K,  42% used [0x36b30000, 0x36f70348, 0x36f70400, 0x37530000)
    rw space 12288K,  54% used [0x37530000, 0x37bb06f0, 0x37bb0800, 0x38130000)
}
Event: 183.136 GC heap before
{Heap before GC invocations=23 (full 13):
 def new generation   total 78656K, used 69952K [0x22b30000, 0x28080000, 0x28080000)
  eden space 69952K, 100% used [0x22b30000, 0x26f80000, 0x26f80000)
  from space 8704K,   0% used [0x26f80000, 0x26f80000, 0x27800000)
  to   space 8704K,   0% used [0x27800000, 0x27800000, 0x28080000)
 tenured generation   total 174784K, used 160978K [0x28080000, 0x32b30000, 0x32b30000)
   the space 174784K,  92% used [0x28080000, 0x31db4ae0, 0x31db4c00, 0x32b30000)
 compacting perm gen  total 12288K, used 8417K [0x32b30000, 0x33730000, 0x36b30000)
   the space 12288K,  68% used [0x32b30000, 0x33368468, 0x33368600, 0x33730000)
    ro space 10240K,  42% used [0x36b30000, 0x36f70348, 0x36f70400, 0x37530000)
    rw space 12288K,  54% used [0x37530000, 0x37bb06f0, 0x37bb0800, 0x38130000)
Event: 183.400 GC heap after
Heap after GC invocations=24 (full 14):
 def new generation   total 78656K, used 0K [0x22b30000, 0x28080000, 0x28080000)
  eden space 69952K,   0% used [0x22b30000, 0x22b30000, 0x26f80000)
  from space 8704K,   0% used [0x26f80000, 0x26f80000, 0x27800000)
  to   space 8704K,   0% used [0x27800000, 0x27800000, 0x28080000)
 tenured generation   total 174784K, used 161093K [0x28080000, 0x32b30000, 0x32b30000)
   the space 174784K,  92% used [0x28080000, 0x31dd1438, 0x31dd1600, 0x32b30000)
 compacting perm gen  total 12288K, used 8417K [0x32b30000, 0x33730000, 0x36b30000)
   the space 12288K,  68% used [0x32b30000, 0x33368468, 0x33368600, 0x33730000)
    ro space 10240K,  42% used [0x36b30000, 0x36f70348, 0x36f70400, 0x37530000)
    rw space 12288K,  54% used [0x37530000, 0x37bb06f0, 0x37bb0800, 0x38130000)
}
Event: 212.628 GC heap before
{Heap before GC invocations=24 (full 14):
 def new generation   total 78656K, used 69952K [0x22b30000, 0x28080000, 0x28080000)
  eden space 69952K, 100% used [0x22b30000, 0x26f80000, 0x26f80000)
  from space 8704K,   0% used [0x26f80000, 0x26f80000, 0x27800000)
  to   space 8704K,   0% used [0x27800000, 0x27800000, 0x28080000)
 tenured generation   total 174784K, used 161093K [0x28080000, 0x32b30000, 0x32b30000)
   the space 174784K,  92% used [0x28080000, 0x31dd1438, 0x31dd1600, 0x32b30000)
 compacting perm gen  total 12288K, used 8421K [0x32b30000, 0x33730000, 0x36b30000)
   the space 12288K,  68% used [0x32b30000, 0x333696a8, 0x33369800, 0x33730000)
    ro space 10240K,  42% used [0x36b30000, 0x36f70348, 0x36f70400, 0x37530000)
    rw space 12288K,  54% used [0x37530000, 0x37bb06f0, 0x37bb0800, 0x38130000)
Event: 212.923 GC heap after
Heap after GC invocations=25 (full 15):
 def new generation   total 78656K, used 0K [0x22b30000, 0x28080000, 0x28080000)
  eden space 69952K,   0% used [0x22b30000, 0x22b30000, 0x26f80000)
  from space 8704K,   0% used [0x26f80000, 0x26f80000, 0x27800000)
  to   space 8704K,   0% used [0x27800000, 0x27800000, 0x28080000)
 tenured generation   total 174784K, used 161230K [0x28080000, 0x32b30000, 0x32b30000)
   the space 174784K,  92% used [0x28080000, 0x31df3ba8, 0x31df3c00, 0x32b30000)
 compacting perm gen  total 12288K, used 8421K [0x32b30000, 0x33730000, 0x36b30000)
   the space 12288K,  68% used [0x32b30000, 0x333696a8, 0x33369800, 0x33730000)
    ro space 10240K,  42% used [0x36b30000, 0x36f70348, 0x36f70400, 0x37530000)
    rw space 12288K,  54% used [0x37530000, 0x37bb06f0, 0x37bb0800, 0x38130000)
}
Event: 230.507 GC heap before
{Heap before GC invocations=25 (full 15):
 def new generation   total 78656K, used 69952K [0x22b30000, 0x28080000, 0x28080000)
  eden space 69952K, 100% used [0x22b30000, 0x26f80000, 0x26f80000)
  from space 8704K,   0% used [0x26f80000, 0x26f80000, 0x27800000)
  to   space 8704K,   0% used [0x27800000, 0x27800000, 0x28080000)
 tenured generation   total 174784K, used 161230K [0x28080000, 0x32b30000, 0x32b30000)
   the space 174784K,  92% used [0x28080000, 0x31df3ba8, 0x31df3c00, 0x32b30000)
 compacting perm gen  total 12288K, used 8422K [0x32b30000, 0x33730000, 0x36b30000)
   the space 12288K,  68% used [0x32b30000, 0x33369a38, 0x33369c00, 0x33730000)
    ro space 10240K,  42% used [0x36b30000, 0x36f70348, 0x36f70400, 0x37530000)
    rw space 12288K,  54% used [0x37530000, 0x37bb06f0, 0x37bb0800, 0x38130000)
Event: 230.977 GC heap after
Heap after GC invocations=26 (full 16):
 def new generation   total 78656K, used 0K [0x22b30000, 0x28080000, 0x28080000)
  eden space 69952K,   0% used [0x22b30000, 0x22b30000, 0x26f80000)
  from space 8704K,   0% used [0x26f80000, 0x26f80000, 0x27800000)
  to   space 8704K,   0% used [0x27800000, 0x27800000, 0x28080000)
 tenured generation   total 174784K, used 156397K [0x28080000, 0x32b30000, 0x32b30000)
   the space 174784K,  89% used [0x28080000, 0x3193b638, 0x3193b800, 0x32b30000)
 compacting perm gen  total 12288K, used 8421K [0x32b30000, 0x33730000, 0x36b30000)
   the space 12288K,  68% used [0x32b30000, 0x33369528, 0x33369600, 0x33730000)
    ro space 10240K,  42% used [0x36b30000, 0x36f70348, 0x36f70400, 0x37530000)
    rw space 12288K,  54% used [0x37530000, 0x37bb06f0, 0x37bb0800, 0x38130000)
}
Event: 255.034 GC heap before
{Heap before GC invocations=26 (full 16):
 def new generation   total 78656K, used 62313K [0x22b30000, 0x28080000, 0x28080000)
  eden space 69952K,  89% used [0x22b30000, 0x2680a778, 0x26f80000)
  from space 8704K,   0% used [0x26f80000, 0x26f80000, 0x27800000)
  to   space 8704K,   0% used [0x27800000, 0x27800000, 0x28080000)
 tenured generation   total 174784K, used 156397K [0x28080000, 0x32b30000, 0x32b30000)
   the space 174784K,  89% used [0x28080000, 0x3193b638, 0x3193b800, 0x32b30000)
 compacting perm gen  total 12288K, used 8427K [0x32b30000, 0x33730000, 0x36b30000)
   the space 12288K,  68% used [0x32b30000, 0x3336af68, 0x3336b000, 0x33730000)
    ro space 10240K,  42% used [0x36b30000, 0x36f70348, 0x36f70400, 0x37530000)
    rw space 12288K,  54% used [0x37530000, 0x37bb06f0, 0x37bb0800, 0x38130000)
Event: 255.414 GC heap after
Heap after GC invocations=27 (full 17):
 def new generation   total 78656K, used 0K [0x22b30000, 0x28080000, 0x28080000)
  eden space 69952K,   0% used [0x22b30000, 0x22b30000, 0x26f80000)
  from space 8704K,   0% used [0x26f80000, 0x26f80000, 0x27800000)
  to   space 8704K,   0% used [0x27800000, 0x27800000, 0x28080000)
 tenured generation   total 174784K, used 157998K [0x28080000, 0x32b30000, 0x32b30000)
   the space 174784K,  90% used [0x28080000, 0x31acb8d0, 0x31acba00, 0x32b30000)
 compacting perm gen  total 12288K, used 8427K [0x32b30000, 0x33730000, 0x36b30000)
   the space 12288K,  68% used [0x32b30000, 0x3336af68, 0x3336b000, 0x33730000)
    ro space 10240K,  42% used [0x36b30000, 0x36f70348, 0x36f70400, 0x37530000)
    rw space 12288K,  54% used [0x37530000, 0x37bb06f0, 0x37bb0800, 0x38130000)
}

