# JRE version: 7.0_09-b05
# Java VM: Java HotSpot(TM) Client VM (23.5-b02 mixed mode, sharing windows-x86 )
Heap
 def new generation   total 78656K, used 1522K [0x22b30000, 0x28080000, 0x28080000)
  eden space 69952K,   2% used [0x22b30000, 0x22cac9d0, 0x26f80000)
  from space 8704K,   0% used [0x26f80000, 0x26f80000, 0x27800000)
  to   space 8704K,   0% used [0x27800000, 0x27800000, 0x28080000)
 tenured generation   total 174784K, used 157942K [0x28080000, 0x32b30000, 0x32b30000)
   the space 174784K,  90% used [0x28080000, 0x31abd9c0, 0x31abda00, 0x32b30000)
 compacting perm gen  total 12288K, used 8195K [0x32b30000, 0x33730000, 0x36b30000)
   the space 12288K,  66% used [0x32b30000, 0x33330d68, 0x33330e00, 0x33730000)
    ro space 10240K,  42% used [0x36b30000, 0x36f70348, 0x36f70400, 0x37530000)
    rw space 12288K,  54% used [0x37530000, 0x37bb06f0, 0x37bb0800, 0x38130000)
GC Heap History (10 events):
Event: 454.504 GC heap before
{Heap before GC invocations=22 (full 13):
 def new generation   total 78656K, used 69901K [0x22b30000, 0x28080000, 0x28080000)
  eden space 69952K,  99% used [0x22b30000, 0x26f73700, 0x26f80000)
  from space 8704K,   0% used [0x26f80000, 0x26f80000, 0x27800000)
  to   space 8704K,   0% used [0x27800000, 0x27800000, 0x28080000)
 tenured generation   total 174784K, used 158010K [0x28080000, 0x32b30000, 0x32b30000)
   the space 174784K,  90% used [0x28080000, 0x31aceba0, 0x31acec00, 0x32b30000)
 compacting perm gen  total 12288K, used 8160K [0x32b30000, 0x33730000, 0x36b30000)
   the space 12288K,  66% used [0x32b30000, 0x333283c8, 0x33328400, 0x33730000)
    ro space 10240K,  42% used [0x36b30000, 0x36f70348, 0x36f70400, 0x37530000)
    rw space 12288K,  54% used [0x37530000, 0x37bb06f0, 0x37bb0800, 0x38130000)
Event: 454.696 GC heap after
Heap after GC invocations=23 (full 14):
 def new generation   total 78656K, used 0K [0x22b30000, 0x28080000, 0x28080000)
  eden space 69952K,   0% used [0x22b30000, 0x22b30000, 0x26f80000)
  from space 8704K,   0% used [0x26f80000, 0x26f80000, 0x27800000)
  to   space 8704K,   0% used [0x27800000, 0x27800000, 0x28080000)
 tenured generation   total 174784K, used 158415K [0x28080000, 0x32b30000, 0x32b30000)
   the space 174784K,  90% used [0x28080000, 0x31b33d30, 0x31b33e00, 0x32b30000)
 compacting perm gen  total 12288K, used 8160K [0x32b30000, 0x33730000, 0x36b30000)
   the space 12288K,  66% used [0x32b30000, 0x333283c8, 0x33328400, 0x33730000)
    ro space 10240K,  42% used [0x36b30000, 0x36f70348, 0x36f70400, 0x37530000)
    rw space 12288K,  54% used [0x37530000, 0x37bb06f0, 0x37bb0800, 0x38130000)
}
Event: 474.890 GC heap before
{Heap before GC invocations=23 (full 14):
 def new generation   total 78656K, used 69952K [0x22b30000, 0x28080000, 0x28080000)
  eden space 69952K, 100% used [0x22b30000, 0x26f80000, 0x26f80000)
  from space 8704K,   0% used [0x26f80000, 0x26f80000, 0x27800000)
  to   space 8704K,   0% used [0x27800000, 0x27800000, 0x28080000)
 tenured generation   total 174784K, used 158415K [0x28080000, 0x32b30000, 0x32b30000)
   the space 174784K,  90% used [0x28080000, 0x31b33d30, 0x31b33e00, 0x32b30000)
 compacting perm gen  total 12288K, used 8188K [0x32b30000, 0x33730000, 0x36b30000)
   the space 12288K,  66% used [0x32b30000, 0x3332f1f8, 0x3332f200, 0x33730000)
    ro space 10240K,  42% used [0x36b30000, 0x36f70348, 0x36f70400, 0x37530000)
    rw space 12288K,  54% used [0x37530000, 0x37bb06f0, 0x37bb0800, 0x38130000)
Event: 475.104 GC heap after
Heap after GC invocations=24 (full 15):
 def new generation   total 78656K, used 0K [0x22b30000, 0x28080000, 0x28080000)
  eden space 69952K,   0% used [0x22b30000, 0x22b30000, 0x26f80000)
  from space 8704K,   0% used [0x26f80000, 0x26f80000, 0x27800000)
  to   space 8704K,   0% used [0x27800000, 0x27800000, 0x28080000)
 tenured generation   total 174784K, used 159092K [0x28080000, 0x32b30000, 0x32b30000)
   the space 174784K,  91% used [0x28080000, 0x31bdd028, 0x31bdd200, 0x32b30000)
 compacting perm gen  total 12288K, used 8188K [0x32b30000, 0x33730000, 0x36b30000)
   the space 12288K,  66% used [0x32b30000, 0x3332f1f8, 0x3332f200, 0x33730000)
    ro space 10240K,  42% used [0x36b30000, 0x36f70348, 0x36f70400, 0x37530000)
    rw space 12288K,  54% used [0x37530000, 0x37bb06f0, 0x37bb0800, 0x38130000)
}
Event: 504.936 GC heap before
{Heap before GC invocations=24 (full 15):
 def new generation   total 78656K, used 69952K [0x22b30000, 0x28080000, 0x28080000)
  eden space 69952K, 100% used [0x22b30000, 0x26f80000, 0x26f80000)
  from space 8704K,   0% used [0x26f80000, 0x26f80000, 0x27800000)
  to   space 8704K,   0% used [0x27800000, 0x27800000, 0x28080000)
 tenured generation   total 174784K, used 159092K [0x28080000, 0x32b30000, 0x32b30000)
   the space 174784K,  91% used [0x28080000, 0x31bdd028, 0x31bdd200, 0x32b30000)
 compacting perm gen  total 12288K, used 8188K [0x32b30000, 0x33730000, 0x36b30000)
   the space 12288K,  66% used [0x32b30000, 0x3332f208, 0x3332f400, 0x33730000)
    ro space 10240K,  42% used [0x36b30000, 0x36f70348, 0x36f70400, 0x37530000)
    rw space 12288K,  54% used [0x37530000, 0x37bb06f0, 0x37bb0800, 0x38130000)
Event: 505.309 GC heap after
Heap after GC invocations=25 (full 16):
 def new generation   total 78656K, used 0K [0x22b30000, 0x28080000, 0x28080000)
  eden space 69952K,   0% used [0x22b30000, 0x22b30000, 0x26f80000)
  from space 8704K,   0% used [0x26f80000, 0x26f80000, 0x27800000)
  to   space 8704K,   0% used [0x27800000, 0x27800000, 0x28080000)
 tenured generation   total 174784K, used 157580K [0x28080000, 0x32b30000, 0x32b30000)
   the space 174784K,  90% used [0x28080000, 0x31a63228, 0x31a63400, 0x32b30000)
 compacting perm gen  total 12288K, used 8188K [0x32b30000, 0x33730000, 0x36b30000)
   the space 12288K,  66% used [0x32b30000, 0x3332f048, 0x3332f200, 0x33730000)
    ro space 10240K,  42% used [0x36b30000, 0x36f70348, 0x36f70400, 0x37530000)
    rw space 12288K,  54% used [0x37530000, 0x37bb06f0, 0x37bb0800, 0x38130000)
}
Event: 534.985 GC heap before
{Heap before GC invocations=25 (full 16):
 def new generation   total 78656K, used 69952K [0x22b30000, 0x28080000, 0x28080000)
  eden space 69952K, 100% used [0x22b30000, 0x26f80000, 0x26f80000)
  from space 8704K,   0% used [0x26f80000, 0x26f80000, 0x27800000)
  to   space 8704K,   0% used [0x27800000, 0x27800000, 0x28080000)
 tenured generation   total 174784K, used 157580K [0x28080000, 0x32b30000, 0x32b30000)
   the space 174784K,  90% used [0x28080000, 0x31a63228, 0x31a63400, 0x32b30000)
 compacting perm gen  total 12288K, used 8188K [0x32b30000, 0x33730000, 0x36b30000)
   the space 12288K,  66% used [0x32b30000, 0x3332f0c8, 0x3332f200, 0x33730000)
    ro space 10240K,  42% used [0x36b30000, 0x36f70348, 0x36f70400, 0x37530000)
    rw space 12288K,  54% used [0x37530000, 0x37bb06f0, 0x37bb0800, 0x38130000)
Event: 535.211 GC heap after
Heap after GC invocations=26 (full 17):
 def new generation   total 78656K, used 0K [0x22b30000, 0x28080000, 0x28080000)
  eden space 69952K,   0% used [0x22b30000, 0x22b30000, 0x26f80000)
  from space 8704K,   0% used [0x26f80000, 0x26f80000, 0x27800000)
  to   space 8704K,   0% used [0x27800000, 0x27800000, 0x28080000)
 tenured generation   total 174784K, used 157622K [0x28080000, 0x32b30000, 0x32b30000)
   the space 174784K,  90% used [0x28080000, 0x31a6d970, 0x31a6da00, 0x32b30000)
 compacting perm gen  total 12288K, used 8188K [0x32b30000, 0x33730000, 0x36b30000)
   the space 12288K,  66% used [0x32b30000, 0x3332f0c8, 0x3332f200, 0x33730000)
    ro space 10240K,  42% used [0x36b30000, 0x36f70348, 0x36f70400, 0x37530000)
    rw space 12288K,  54% used [0x37530000, 0x37bb06f0, 0x37bb0800, 0x38130000)
}
Event: 535.722 GC heap before
{Heap before GC invocations=26 (full 17):
 def new generation   total 78656K, used 3639K [0x22b30000, 0x28080000, 0x28080000)
  eden space 69952K,   5% used [0x22b30000, 0x22ebde00, 0x26f80000)
  from space 8704K,   0% used [0x26f80000, 0x26f80000, 0x27800000)
  to   space 8704K,   0% used [0x27800000, 0x27800000, 0x28080000)
 tenured generation   total 174784K, used 157622K [0x28080000, 0x32b30000, 0x32b30000)
   the space 174784K,  90% used [0x28080000, 0x31a6d970, 0x31a6da00, 0x32b30000)
 compacting perm gen  total 12288K, used 8194K [0x32b30000, 0x33730000, 0x36b30000)
   the space 12288K,  66% used [0x32b30000, 0x33330b68, 0x33330c00, 0x33730000)
    ro space 10240K,  42% used [0x36b30000, 0x36f70348, 0x36f70400, 0x37530000)
    rw space 12288K,  54% used [0x37530000, 0x37bb06f0, 0x37bb0800, 0x38130000)
Event: 535.883 GC heap after
Heap after GC invocations=27 (full 18):
 def new generation   total 78656K, used 0K [0x22b30000, 0x28080000, 0x28080000)
  eden space 69952K,   0% used [0x22b30000, 0x22b30000, 0x26f80000)
  from space 8704K,   0% used [0x26f80000, 0x26f80000, 0x27800000)
  to   space 8704K,   0% used [0x27800000, 0x27800000, 0x28080000)
 tenured generation   total 174784K, used 157942K [0x28080000, 0x32b30000, 0x32b30000)
   the space 174784K,  90% used [0x28080000, 0x31abd9c0, 0x31abda00, 0x32b30000)
 compacting perm gen  total 12288K, used 8194K [0x32b30000, 0x33730000, 0x36b30000)
   the space 12288K,  66% used [0x32b30000, 0x33330b68, 0x33330c00, 0x33730000)
    ro space 10240K,  42% used [0x36b30000, 0x36f70348, 0x36f70400, 0x37530000)
    rw space 12288K,  54% used [0x37530000, 0x37bb06f0, 0x37bb0800, 0x38130000)
}

